<?xml version="1.0" encoding="UTF-8"?>
<testng-results skipped="0" failed="0" ignored="0" total="1" passed="1">
  <reporter-output>
  </reporter-output>
  <suite name="Default suite" duration-ms="8693" started-at="2018-03-02T22:58:10Z" finished-at="2018-03-02T22:58:18Z">
    <groups>
    </groups>
    <test name="Default test" duration-ms="8693" started-at="2018-03-02T22:58:10Z" finished-at="2018-03-02T22:58:18Z">
      <class name="test.seleniumjenkinsintegre">
        <test-method status="PASS" signature="setup()[pri:0, instance:test.seleniumjenkinsintegre@5c7fa833]" name="setup" is-config="true" duration-ms="6006" started-at="2018-03-02T22:58:10Z" finished-at="2018-03-02T22:58:16Z">
          <reporter-output>
          </reporter-output>
        </test-method> <!-- setup -->
        <test-method status="PASS" signature="test()[pri:0, instance:test.seleniumjenkinsintegre@5c7fa833]" name="test" duration-ms="1844" started-at="2018-03-02T22:58:16Z" finished-at="2018-03-02T22:58:18Z">
          <reporter-output>
          </reporter-output>
        </test-method> <!-- test -->
        <test-method status="PASS" signature="teardown()[pri:0, instance:test.seleniumjenkinsintegre@5c7fa833]" name="teardown" is-config="true" duration-ms="700" started-at="2018-03-02T22:58:18Z" finished-at="2018-03-02T22:58:18Z">
          <reporter-output>
          </reporter-output>
        </test-method> <!-- teardown -->
      </class> <!-- test.seleniumjenkinsintegre -->
    </test> <!-- Default test -->
  </suite> <!-- Default suite -->
</testng-results>
