<?xml version="1.0" encoding="UTF-8"?>
<testng-results skipped="0" failed="0" ignored="0" total="1" passed="1">
  <reporter-output>
  </reporter-output>
  <suite name="Suite" duration-ms="8916" started-at="2018-03-03T00:18:36Z" finished-at="2018-03-03T00:18:45Z">
    <groups>
    </groups>
    <test name="Test" duration-ms="8916" started-at="2018-03-03T00:18:36Z" finished-at="2018-03-03T00:18:45Z">
      <class name="test.seleniumjenkinsintegre">
        <test-method status="PASS" signature="setup()[pri:0, instance:test.seleniumjenkinsintegre@501edcf1]" name="setup" is-config="true" duration-ms="6490" started-at="2018-03-03T00:18:36Z" finished-at="2018-03-03T00:18:43Z">
          <reporter-output>
          </reporter-output>
        </test-method> <!-- setup -->
        <test-method status="PASS" signature="test()[pri:0, instance:test.seleniumjenkinsintegre@501edcf1]" name="test" duration-ms="1768" started-at="2018-03-03T00:18:43Z" finished-at="2018-03-03T00:18:44Z">
          <reporter-output>
          </reporter-output>
        </test-method> <!-- test -->
        <test-method status="PASS" signature="teardown()[pri:0, instance:test.seleniumjenkinsintegre@501edcf1]" name="teardown" is-config="true" duration-ms="611" started-at="2018-03-03T00:18:44Z" finished-at="2018-03-03T00:18:45Z">
          <reporter-output>
          </reporter-output>
        </test-method> <!-- teardown -->
      </class> <!-- test.seleniumjenkinsintegre -->
    </test> <!-- Test -->
  </suite> <!-- Suite -->
</testng-results>
